[debug] [2019-05-08T08:56:45.296Z] ----------------------------------------------------------------------
[debug] [2019-05-08T08:56:45.301Z] Command:       C:\Program Files\nodejs\node.exe C:\Users\wuviv\AppData\Roaming\npm\node_modules\firebase-tools\lib\bin\firebase.js login
[debug] [2019-05-08T08:56:45.301Z] CLI Version:   6.9.0
[debug] [2019-05-08T08:56:45.301Z] Platform:      win32
[debug] [2019-05-08T08:56:45.301Z] Node Version:  v10.15.1
[debug] [2019-05-08T08:56:45.303Z] Time:          Wed May 08 2019 01:56:45 GMT-0700 (Pacific Daylight Time)
[debug] [2019-05-08T08:56:45.303Z] ----------------------------------------------------------------------
[debug] 
[info] 
[info] Visit this URL on any device to log in:
[info] https://accounts.google.com/o/oauth2/auth?client_id=563584335869-fgrhgmd47bqnekij5i8b5pr03ho849e6.apps.googleusercontent.com&scope=email%20openid%20https%3A%2F%2Fwww.googleapis.com%2Fauth%2Fcloudplatformprojects.readonly%20https%3A%2F%2Fwww.googleapis.com%2Fauth%2Ffirebase%20https%3A%2F%2Fwww.googleapis.com%2Fauth%2Fcloud-platform&response_type=code&state=673031913&redirect_uri=http%3A%2F%2Flocalhost%3A9005
[info] 
[info] Waiting for authentication...
[debug] [2019-05-08T08:59:16.962Z] ----------------------------------------------------------------------
[debug] [2019-05-08T08:59:16.966Z] Command:       C:\Program Files\nodejs\node.exe C:\Users\wuviv\AppData\Roaming\npm\node_modules\firebase-tools\lib\bin\firebase.js login
[debug] [2019-05-08T08:59:16.967Z] CLI Version:   6.9.0
[debug] [2019-05-08T08:59:16.967Z] Platform:      win32
[debug] [2019-05-08T08:59:16.967Z] Node Version:  v10.15.1
[debug] [2019-05-08T08:59:16.969Z] Time:          Wed May 08 2019 01:59:16 GMT-0700 (Pacific Daylight Time)
[debug] [2019-05-08T08:59:16.969Z] ----------------------------------------------------------------------
[debug] 
[info] 
[info] Visit this URL on any device to log in:
[info] https://accounts.google.com/o/oauth2/auth?client_id=563584335869-fgrhgmd47bqnekij5i8b5pr03ho849e6.apps.googleusercontent.com&scope=email%20openid%20https%3A%2F%2Fwww.googleapis.com%2Fauth%2Fcloudplatformprojects.readonly%20https%3A%2F%2Fwww.googleapis.com%2Fauth%2Ffirebase%20https%3A%2F%2Fwww.googleapis.com%2Fauth%2Fcloud-platform&response_type=code&state=725825355&redirect_uri=http%3A%2F%2Flocalhost%3A9005
[info] 
[info] Waiting for authentication...
